<?xml version="1.0" encoding="UTF-8"?>
<!-- Generated by org.testng.reporters.JUnitReportReporter -->
<testsuite skipped="0" hostname="ShineyAndChrome" name="firstpackage.Calculator" tests="2" failures="0" timestamp="24 Aug 2018 15:10:04 GMT" time="26.297" errors="0">
  <testcase name="CalculatorFunction" time="26.296" classname="firstpackage.Calculator"/>
  <testcase name="caltest2" time="0.001" classname="firstpackage.Calculator"/>
</testsuite> <!-- firstpackage.Calculator -->
